TESTFAILED: /home/whsasf/workspace/bohem/Automation/: Test didn't report success or failure or skipped (92 sec.)
FAILED: /home/whsasf/workspace/bohem/Automation/ [20171107-223550] (92 sec.)
Test ended: Tue Nov  7 22:37:22 CST 2017

